<?xml version="1.0" encoding="UTF-8"?>
<!-- Generated by org.testng.reporters.JUnitReportReporter -->
<testsuite skipped="0" hostname="DESKTOP-3LA2TCV" name="EbayAssignment.MaxViewedItemsTest" tests="1" failures="0" timestamp="2020-05-10T15:21:21 CDT" time="54.097" errors="0">
  <testcase name="testMaxViewedItems" time="54.097" classname="EbayAssignment.MaxViewedItemsTest"/>
  <system-out/>
</testsuite> <!-- EbayAssignment.MaxViewedItemsTest -->
