<?xml version="1.0" encoding="UTF-8"?>
<!-- Generated by org.testng.reporters.JUnitReportReporter -->
<testsuite skipped="0" hostname="DESKTOP-3LA2TCV" name="EbayAssignment.VerifyEbayLogo" tests="1" failures="0" timestamp="2020-05-10T15:21:21 CDT" time="12.354" errors="0">
  <testcase name="verifyLogo" time="12.354" classname="EbayAssignment.VerifyEbayLogo"/>
  <system-out/>
</testsuite> <!-- EbayAssignment.VerifyEbayLogo -->
